{"/home/luis/Documentos/Projetos/Historico-Universitario/lib/materiais-constants.ts": {"path":"/home/luis/Documentos/Projetos/Historico-Universitario/lib/materiais-constants.ts","statementMap":{"0":{"start":{"line":18,"column":13},"end":{"line":18,"column":51}},"1":{"start":{"line":29,"column":13},"end":{"line":29,"column":35}},"2":{"start":{"line":28,"column":13},"end":{"line":28,"column":32}},"3":{"start":{"line":12,"column":13},"end":{"line":12,"column":70}},"4":{"start":{"line":24,"column":13},"end":{"line":24,"column":46}},"5":{"start":{"line":3,"column":13},"end":{"line":3,"column":66}},"6":{"start":{"line":32,"column":16},"end":{"line":32,"column":null}},"7":{"start":{"line":3,"column":66},"end":{"line":10,"column":null}},"8":{"start":{"line":12,"column":70},"end":{"line":16,"column":null}},"9":{"start":{"line":18,"column":51},"end":{"line":22,"column":null}},"10":{"start":{"line":24,"column":46},"end":{"line":26,"column":null}},"11":{"start":{"line":28,"column":32},"end":{"line":28,"column":null}},"12":{"start":{"line":29,"column":35},"end":{"line":29,"column":null}},"13":{"start":{"line":33,"column":30},"end":{"line":33,"column":32}},"14":{"start":{"line":34,"column":14},"end":{"line":34,"column":null}},"15":{"start":{"line":35,"column":18},"end":{"line":35,"column":null}},"16":{"start":{"line":37,"column":2},"end":{"line":39,"column":null}},"17":{"start":{"line":37,"column":18},"end":{"line":37,"column":24}},"18":{"start":{"line":38,"column":4},"end":{"line":38,"column":null}}},"fnMap":{"0":{"name":"getSemestres","decl":{"start":{"line":32,"column":16},"end":{"line":32,"column":null}},"loc":{"start":{"line":32,"column":16},"end":{"line":42,"column":null}}}},"branchMap":{},"s":{"0":71,"1":1,"2":1,"3":5,"4":16,"5":124,"6":6,"7":3,"8":3,"9":3,"10":3,"11":3,"12":3,"13":6,"14":6,"15":6,"16":6,"17":6,"18":48},"f":{"0":6},"b":{}}
,"/home/luis/Documentos/Projetos/Historico-Universitario/services/comments.service.ts": {"path":"/home/luis/Documentos/Projetos/Historico-Universitario/services/comments.service.ts","statementMap":{"0":{"start":{"line":26,"column":22},"end":{"line":26,"column":null}},"1":{"start":{"line":46,"column":22},"end":{"line":46,"column":36}},"2":{"start":{"line":11,"column":22},"end":{"line":11,"column":34}},"3":{"start":{"line":3,"column":7},"end":{"line":3,"column":null}},"4":{"start":{"line":4,"column":19},"end":{"line":4,"column":null}},"5":{"start":{"line":8,"column":2},"end":{"line":8,"column":null}},"6":{"start":{"line":12,"column":2},"end":{"line":12,"column":null}},"7":{"start":{"line":12,"column":11},"end":{"line":12,"column":null}},"8":{"start":{"line":13,"column":2},"end":{"line":23,"column":null}},"9":{"start":{"line":14,"column":14},"end":{"line":14,"column":null}},"10":{"start":{"line":15,"column":17},"end":{"line":15,"column":null}},"11":{"start":{"line":16,"column":4},"end":{"line":20,"column":null}},"12":{"start":{"line":16,"column":31},"end":{"line":20,"column":null}},"13":{"start":{"line":22,"column":4},"end":{"line":22,"column":null}},"14":{"start":{"line":33,"column":2},"end":{"line":33,"column":null}},"15":{"start":{"line":33,"column":11},"end":{"line":33,"column":null}},"16":{"start":{"line":34,"column":44},"end":{"line":41,"column":null}},"17":{"start":{"line":42,"column":14},"end":{"line":42,"column":null}},"18":{"start":{"line":43,"column":2},"end":{"line":43,"column":null}},"19":{"start":{"line":47,"column":2},"end":{"line":47,"column":null}},"20":{"start":{"line":47,"column":11},"end":{"line":47,"column":null}},"21":{"start":{"line":48,"column":2},"end":{"line":48,"column":null}}},"fnMap":{"0":{"name":"commentsRef","decl":{"start":{"line":7,"column":9},"end":{"line":7,"column":21}},"loc":{"start":{"line":7,"column":39},"end":{"line":9,"column":null}}},"1":{"name":"getComments","decl":{"start":{"line":11,"column":22},"end":{"line":11,"column":34}},"loc":{"start":{"line":11,"column":52},"end":{"line":24,"column":null}}},"2":{"name":"(anonymous_6)","decl":{"start":{"line":16,"column":25},"end":{"line":16,"column":31}},"loc":{"start":{"line":16,"column":31},"end":{"line":20,"column":null}}},"3":{"name":"addComment","decl":{"start":{"line":26,"column":22},"end":{"line":26,"column":null}},"loc":{"start":{"line":31,"column":14},"end":{"line":44,"column":null}}},"4":{"name":"deleteComment","decl":{"start":{"line":46,"column":22},"end":{"line":46,"column":36}},"loc":{"start":{"line":46,"column":73},"end":{"line":49,"column":null}}}},"branchMap":{"0":{"loc":{"start":{"line":12,"column":2},"end":{"line":12,"column":null}},"type":"if","locations":[{"start":{"line":12,"column":2},"end":{"line":12,"column":null}}]},"1":{"loc":{"start":{"line":19,"column":17},"end":{"line":19,"column":null}},"type":"binary-expr","locations":[{"start":{"line":19,"column":17},"end":{"line":19,"column":51}},{"start":{"line":19,"column":51},"end":{"line":19,"column":null}}]},"2":{"loc":{"start":{"line":33,"column":2},"end":{"line":33,"column":null}},"type":"if","locations":[{"start":{"line":33,"column":2},"end":{"line":33,"column":null}}]},"3":{"loc":{"start":{"line":47,"column":2},"end":{"line":47,"column":null}},"type":"if","locations":[{"start":{"line":47,"column":2},"end":{"line":47,"column":null}}]}},"s":{"0":3,"1":1,"2":4,"3":1,"4":1,"5":7,"6":4,"7":0,"8":4,"9":4,"10":4,"11":3,"12":3,"13":1,"14":3,"15":0,"16":3,"17":3,"18":2,"19":1,"20":0,"21":1},"f":{"0":7,"1":4,"2":3,"3":3,"4":1},"b":{"0":[0],"1":[3,0],"2":[0],"3":[0]}}
,"/home/luis/Documentos/Projetos/Historico-Universitario/services/favorites.service.ts": {"path":"/home/luis/Documentos/Projetos/Historico-Universitario/services/favorites.service.ts","statementMap":{"0":{"start":{"line":18,"column":22},"end":{"line":18,"column":34}},"1":{"start":{"line":28,"column":22},"end":{"line":28,"column":37}},"2":{"start":{"line":8,"column":22},"end":{"line":8,"column":33}},"3":{"start":{"line":23,"column":22},"end":{"line":23,"column":37}},"4":{"start":{"line":1,"column":68},"end":{"line":1,"column":null}},"5":{"start":{"line":2,"column":19},"end":{"line":2,"column":null}},"6":{"start":{"line":5,"column":2},"end":{"line":5,"column":null}},"7":{"start":{"line":9,"column":2},"end":{"line":9,"column":null}},"8":{"start":{"line":9,"column":11},"end":{"line":9,"column":null}},"9":{"start":{"line":10,"column":2},"end":{"line":15,"column":null}},"10":{"start":{"line":11,"column":17},"end":{"line":11,"column":null}},"11":{"start":{"line":12,"column":4},"end":{"line":12,"column":null}},"12":{"start":{"line":14,"column":4},"end":{"line":14,"column":null}},"13":{"start":{"line":19,"column":2},"end":{"line":19,"column":null}},"14":{"start":{"line":19,"column":11},"end":{"line":19,"column":null}},"15":{"start":{"line":20,"column":2},"end":{"line":20,"column":null}},"16":{"start":{"line":24,"column":2},"end":{"line":24,"column":null}},"17":{"start":{"line":24,"column":11},"end":{"line":24,"column":null}},"18":{"start":{"line":25,"column":2},"end":{"line":25,"column":null}},"19":{"start":{"line":29,"column":2},"end":{"line":29,"column":null}},"20":{"start":{"line":29,"column":11},"end":{"line":29,"column":null}},"21":{"start":{"line":30,"column":2},"end":{"line":35,"column":null}},"22":{"start":{"line":31,"column":17},"end":{"line":31,"column":null}},"23":{"start":{"line":32,"column":4},"end":{"line":32,"column":null}},"24":{"start":{"line":32,"column":30},"end":{"line":32,"column":34}},"25":{"start":{"line":34,"column":4},"end":{"line":34,"column":null}}},"fnMap":{"0":{"name":"favRef","decl":{"start":{"line":4,"column":9},"end":{"line":4,"column":16}},"loc":{"start":{"line":4,"column":50},"end":{"line":6,"column":null}}},"1":{"name":"isFavorite","decl":{"start":{"line":8,"column":22},"end":{"line":8,"column":33}},"loc":{"start":{"line":8,"column":67},"end":{"line":16,"column":null}}},"2":{"name":"addFavorite","decl":{"start":{"line":18,"column":22},"end":{"line":18,"column":34}},"loc":{"start":{"line":18,"column":68},"end":{"line":21,"column":null}}},"3":{"name":"removeFavorite","decl":{"start":{"line":23,"column":22},"end":{"line":23,"column":37}},"loc":{"start":{"line":23,"column":71},"end":{"line":26,"column":null}}},"4":{"name":"getFavoriteIds","decl":{"start":{"line":28,"column":22},"end":{"line":28,"column":37}},"loc":{"start":{"line":28,"column":51},"end":{"line":36,"column":null}}},"5":{"name":"(anonymous_10)","decl":{"start":{"line":32,"column":25},"end":{"line":32,"column":30}},"loc":{"start":{"line":32,"column":30},"end":{"line":32,"column":34}}}},"branchMap":{"0":{"loc":{"start":{"line":9,"column":2},"end":{"line":9,"column":null}},"type":"if","locations":[{"start":{"line":9,"column":2},"end":{"line":9,"column":null}}]},"1":{"loc":{"start":{"line":19,"column":2},"end":{"line":19,"column":null}},"type":"if","locations":[{"start":{"line":19,"column":2},"end":{"line":19,"column":null}}]},"2":{"loc":{"start":{"line":24,"column":2},"end":{"line":24,"column":null}},"type":"if","locations":[{"start":{"line":24,"column":2},"end":{"line":24,"column":null}}]},"3":{"loc":{"start":{"line":29,"column":2},"end":{"line":29,"column":null}},"type":"if","locations":[{"start":{"line":29,"column":2},"end":{"line":29,"column":null}}]}},"s":{"0":1,"1":3,"2":3,"3":1,"4":1,"5":1,"6":5,"7":3,"8":0,"9":3,"10":3,"11":2,"12":1,"13":1,"14":0,"15":1,"16":1,"17":0,"18":1,"19":3,"20":0,"21":3,"22":3,"23":2,"24":3,"25":1},"f":{"0":5,"1":3,"2":1,"3":1,"4":3,"5":3},"b":{"0":[0],"1":[0],"2":[0],"3":[0]}}
,"/home/luis/Documentos/Projetos/Historico-Universitario/services/likes.service.ts": {"path":"/home/luis/Documentos/Projetos/Historico-Universitario/services/likes.service.ts","statementMap":{"0":{"start":{"line":18,"column":22},"end":{"line":18,"column":30}},"1":{"start":{"line":8,"column":22},"end":{"line":8,"column":30}},"2":{"start":{"line":24,"column":22},"end":{"line":24,"column":33}},"3":{"start":{"line":1,"column":69},"end":{"line":1,"column":null}},"4":{"start":{"line":2,"column":19},"end":{"line":2,"column":null}},"5":{"start":{"line":5,"column":2},"end":{"line":5,"column":null}},"6":{"start":{"line":9,"column":2},"end":{"line":9,"column":null}},"7":{"start":{"line":9,"column":11},"end":{"line":9,"column":null}},"8":{"start":{"line":10,"column":2},"end":{"line":15,"column":null}},"9":{"start":{"line":11,"column":17},"end":{"line":11,"column":null}},"10":{"start":{"line":12,"column":4},"end":{"line":12,"column":null}},"11":{"start":{"line":14,"column":4},"end":{"line":14,"column":null}},"12":{"start":{"line":19,"column":2},"end":{"line":19,"column":null}},"13":{"start":{"line":19,"column":11},"end":{"line":19,"column":null}},"14":{"start":{"line":20,"column":2},"end":{"line":20,"column":null}},"15":{"start":{"line":21,"column":2},"end":{"line":21,"column":null}},"16":{"start":{"line":25,"column":2},"end":{"line":25,"column":null}},"17":{"start":{"line":25,"column":11},"end":{"line":25,"column":null}},"18":{"start":{"line":26,"column":2},"end":{"line":26,"column":null}},"19":{"start":{"line":27,"column":2},"end":{"line":27,"column":null}}},"fnMap":{"0":{"name":"likeRef","decl":{"start":{"line":4,"column":9},"end":{"line":4,"column":17}},"loc":{"start":{"line":4,"column":51},"end":{"line":6,"column":null}}},"1":{"name":"isLiked","decl":{"start":{"line":8,"column":22},"end":{"line":8,"column":30}},"loc":{"start":{"line":8,"column":64},"end":{"line":16,"column":null}}},"2":{"name":"addLike","decl":{"start":{"line":18,"column":22},"end":{"line":18,"column":30}},"loc":{"start":{"line":18,"column":64},"end":{"line":22,"column":null}}},"3":{"name":"removeLike","decl":{"start":{"line":24,"column":22},"end":{"line":24,"column":33}},"loc":{"start":{"line":24,"column":67},"end":{"line":28,"column":null}}}},"branchMap":{"0":{"loc":{"start":{"line":9,"column":2},"end":{"line":9,"column":null}},"type":"if","locations":[{"start":{"line":9,"column":2},"end":{"line":9,"column":null}}]},"1":{"loc":{"start":{"line":19,"column":2},"end":{"line":19,"column":null}},"type":"if","locations":[{"start":{"line":19,"column":2},"end":{"line":19,"column":null}}]},"2":{"loc":{"start":{"line":25,"column":2},"end":{"line":25,"column":null}},"type":"if","locations":[{"start":{"line":25,"column":2},"end":{"line":25,"column":null}}]}},"s":{"0":1,"1":3,"2":1,"3":1,"4":1,"5":5,"6":3,"7":0,"8":3,"9":3,"10":2,"11":1,"12":1,"13":0,"14":1,"15":1,"16":1,"17":0,"18":1,"19":1},"f":{"0":5,"1":3,"2":1,"3":1},"b":{"0":[0],"1":[0],"2":[0]}}
,"/home/luis/Documentos/Projetos/Historico-Universitario/services/materials.service.ts": {"path":"/home/luis/Documentos/Projetos/Historico-Universitario/services/materials.service.ts","statementMap":{"0":{"start":{"line":142,"column":22},"end":{"line":142,"column":null}},"1":{"start":{"line":181,"column":22},"end":{"line":181,"column":37}},"2":{"start":{"line":243,"column":22},"end":{"line":243,"column":null}},"3":{"start":{"line":228,"column":22},"end":{"line":228,"column":null}},"4":{"start":{"line":67,"column":22},"end":{"line":67,"column":35}},"5":{"start":{"line":110,"column":22},"end":{"line":110,"column":38}},"6":{"start":{"line":125,"column":22},"end":{"line":125,"column":39}},"7":{"start":{"line":212,"column":22},"end":{"line":212,"column":42}},"8":{"start":{"line":194,"column":22},"end":{"line":194,"column":41}},"9":{"start":{"line":203,"column":22},"end":{"line":203,"column":37}},"10":{"start":{"line":166,"column":22},"end":{"line":166,"column":null}},"11":{"start":{"line":15,"column":7},"end":{"line":15,"column":null}},"12":{"start":{"line":16,"column":19},"end":{"line":16,"column":null}},"13":{"start":{"line":17,"column":27},"end":{"line":17,"column":null}},"14":{"start":{"line":19,"column":23},"end":{"line":19,"column":null}},"15":{"start":{"line":24,"column":2},"end":{"line":24,"column":null}},"16":{"start":{"line":28,"column":15},"end":{"line":28,"column":null}},"17":{"start":{"line":29,"column":2},"end":{"line":49,"column":null}},"18":{"start":{"line":68,"column":2},"end":{"line":68,"column":null}},"19":{"start":{"line":68,"column":11},"end":{"line":68,"column":null}},"20":{"start":{"line":70,"column":2},"end":{"line":107,"column":null}},"21":{"start":{"line":71,"column":16},"end":{"line":71,"column":null}},"22":{"start":{"line":72,"column":14},"end":{"line":72,"column":null}},"23":{"start":{"line":74,"column":21},"end":{"line":74,"column":null}},"24":{"start":{"line":75,"column":32},"end":{"line":75,"column":null}},"25":{"start":{"line":78,"column":4},"end":{"line":78,"column":null}},"26":{"start":{"line":78,"column":29},"end":{"line":78,"column":null}},"27":{"start":{"line":81,"column":4},"end":{"line":83,"column":null}},"28":{"start":{"line":82,"column":6},"end":{"line":82,"column":null}},"29":{"start":{"line":82,"column":40},"end":{"line":82,"column":65}},"30":{"start":{"line":84,"column":4},"end":{"line":86,"column":null}},"31":{"start":{"line":85,"column":6},"end":{"line":85,"column":null}},"32":{"start":{"line":85,"column":40},"end":{"line":85,"column":63}},"33":{"start":{"line":87,"column":4},"end":{"line":89,"column":null}},"34":{"start":{"line":88,"column":6},"end":{"line":88,"column":null}},"35":{"start":{"line":88,"column":40},"end":{"line":88,"column":71}},"36":{"start":{"line":90,"column":4},"end":{"line":93,"column":null}},"37":{"start":{"line":91,"column":16},"end":{"line":91,"column":null}},"38":{"start":{"line":92,"column":6},"end":{"line":92,"column":null}},"39":{"start":{"line":92,"column":40},"end":{"line":92,"column":null}},"40":{"start":{"line":94,"column":4},"end":{"line":101,"column":null}},"41":{"start":{"line":95,"column":16},"end":{"line":95,"column":null}},"42":{"start":{"line":96,"column":6},"end":{"line":99,"column":null}},"43":{"start":{"line":97,"column":8},"end":{"line":99,"column":null}},"44":{"start":{"line":103,"column":4},"end":{"line":103,"column":null}},"45":{"start":{"line":105,"column":4},"end":{"line":105,"column":null}},"46":{"start":{"line":106,"column":4},"end":{"line":106,"column":null}},"47":{"start":{"line":111,"column":2},"end":{"line":111,"column":null}},"48":{"start":{"line":111,"column":11},"end":{"line":111,"column":null}},"49":{"start":{"line":113,"column":2},"end":{"line":120,"column":null}},"50":{"start":{"line":114,"column":17},"end":{"line":114,"column":null}},"51":{"start":{"line":115,"column":4},"end":{"line":115,"column":null}},"52":{"start":{"line":115,"column":24},"end":{"line":115,"column":null}},"53":{"start":{"line":116,"column":4},"end":{"line":116,"column":null}},"54":{"start":{"line":118,"column":4},"end":{"line":118,"column":null}},"55":{"start":{"line":119,"column":4},"end":{"line":119,"column":null}},"56":{"start":{"line":126,"column":2},"end":{"line":126,"column":null}},"57":{"start":{"line":126,"column":11},"end":{"line":126,"column":null}},"58":{"start":{"line":128,"column":2},"end":{"line":137,"column":null}},"59":{"start":{"line":129,"column":16},"end":{"line":129,"column":null}},"60":{"start":{"line":130,"column":14},"end":{"line":130,"column":null}},"61":{"start":{"line":131,"column":21},"end":{"line":131,"column":null}},"62":{"start":{"line":132,"column":22},"end":{"line":132,"column":null}},"63":{"start":{"line":133,"column":4},"end":{"line":133,"column":null}},"64":{"start":{"line":133,"column":36},"end":{"line":133,"column":null}},"65":{"start":{"line":135,"column":4},"end":{"line":135,"column":null}},"66":{"start":{"line":136,"column":4},"end":{"line":136,"column":null}},"67":{"start":{"line":146,"column":2},"end":{"line":146,"column":null}},"68":{"start":{"line":146,"column":11},"end":{"line":146,"column":null}},"69":{"start":{"line":148,"column":2},"end":{"line":163,"column":null}},"70":{"start":{"line":149,"column":17},"end":{"line":156,"column":null}},"71":{"start":{"line":157,"column":19},"end":{"line":157,"column":null}},"72":{"start":{"line":158,"column":4},"end":{"line":158,"column":null}},"73":{"start":{"line":159,"column":4},"end":{"line":159,"column":null}},"74":{"start":{"line":161,"column":4},"end":{"line":161,"column":null}},"75":{"start":{"line":162,"column":4},"end":{"line":162,"column":null}},"76":{"start":{"line":170,"column":2},"end":{"line":170,"column":null}},"77":{"start":{"line":170,"column":11},"end":{"line":170,"column":null}},"78":{"start":{"line":172,"column":2},"end":{"line":178,"column":null}},"79":{"start":{"line":173,"column":4},"end":{"line":173,"column":null}},"80":{"start":{"line":174,"column":4},"end":{"line":174,"column":null}},"81":{"start":{"line":176,"column":4},"end":{"line":176,"column":null}},"82":{"start":{"line":177,"column":4},"end":{"line":177,"column":null}},"83":{"start":{"line":182,"column":2},"end":{"line":182,"column":null}},"84":{"start":{"line":182,"column":11},"end":{"line":182,"column":null}},"85":{"start":{"line":184,"column":2},"end":{"line":191,"column":null}},"86":{"start":{"line":185,"column":4},"end":{"line":185,"column":null}},"87":{"start":{"line":186,"column":4},"end":{"line":186,"column":null}},"88":{"start":{"line":187,"column":4},"end":{"line":187,"column":null}},"89":{"start":{"line":189,"column":4},"end":{"line":189,"column":null}},"90":{"start":{"line":190,"column":4},"end":{"line":190,"column":null}},"91":{"start":{"line":195,"column":2},"end":{"line":195,"column":null}},"92":{"start":{"line":195,"column":11},"end":{"line":195,"column":null}},"93":{"start":{"line":196,"column":2},"end":{"line":200,"column":null}},"94":{"start":{"line":197,"column":4},"end":{"line":197,"column":null}},"95":{"start":{"line":199,"column":4},"end":{"line":199,"column":null}},"96":{"start":{"line":204,"column":2},"end":{"line":204,"column":null}},"97":{"start":{"line":204,"column":11},"end":{"line":204,"column":null}},"98":{"start":{"line":205,"column":2},"end":{"line":209,"column":null}},"99":{"start":{"line":206,"column":4},"end":{"line":206,"column":null}},"100":{"start":{"line":213,"column":2},"end":{"line":213,"column":null}},"101":{"start":{"line":213,"column":11},"end":{"line":213,"column":null}},"102":{"start":{"line":214,"column":2},"end":{"line":225,"column":null}},"103":{"start":{"line":215,"column":16},"end":{"line":215,"column":null}},"104":{"start":{"line":216,"column":14},"end":{"line":216,"column":null}},"105":{"start":{"line":217,"column":21},"end":{"line":217,"column":null}},"106":{"start":{"line":218,"column":4},"end":{"line":222,"column":null}},"107":{"start":{"line":220,"column":19},"end":{"line":220,"column":null}},"108":{"start":{"line":221,"column":22},"end":{"line":221,"column":null}},"109":{"start":{"line":224,"column":4},"end":{"line":224,"column":null}},"110":{"start":{"line":229,"column":2},"end":{"line":229,"column":null}},"111":{"start":{"line":229,"column":11},"end":{"line":229,"column":null}},"112":{"start":{"line":230,"column":2},"end":{"line":237,"column":null}},"113":{"start":{"line":231,"column":14},"end":{"line":231,"column":null}},"114":{"start":{"line":232,"column":21},"end":{"line":232,"column":null}},"115":{"start":{"line":233,"column":19},"end":{"line":233,"column":null}},"116":{"start":{"line":233,"column":50},"end":{"line":233,"column":69}},"117":{"start":{"line":234,"column":4},"end":{"line":234,"column":null}},"118":{"start":{"line":234,"column":45},"end":{"line":234,"column":null}},"119":{"start":{"line":236,"column":4},"end":{"line":236,"column":null}},"120":{"start":{"line":244,"column":2},"end":{"line":244,"column":null}},"121":{"start":{"line":244,"column":11},"end":{"line":244,"column":null}},"122":{"start":{"line":246,"column":2},"end":{"line":253,"column":null}},"123":{"start":{"line":247,"column":21},"end":{"line":247,"column":null}},"124":{"start":{"line":248,"column":22},"end":{"line":248,"column":null}},"125":{"start":{"line":249,"column":4},"end":{"line":249,"column":null}},"126":{"start":{"line":249,"column":36},"end":{"line":249,"column":null}},"127":{"start":{"line":251,"column":4},"end":{"line":251,"column":null}},"128":{"start":{"line":252,"column":4},"end":{"line":252,"column":null}}},"fnMap":{"0":{"name":"createMaterialId","decl":{"start":{"line":23,"column":9},"end":{"line":23,"column":26}},"loc":{"start":{"line":23,"column":36},"end":{"line":25,"column":null}}},"1":{"name":"docToMaterial","decl":{"start":{"line":27,"column":9},"end":{"line":27,"column":23}},"loc":{"start":{"line":27,"column":100},"end":{"line":50,"column":null}}},"2":{"name":"getMateriais","decl":{"start":{"line":67,"column":22},"end":{"line":67,"column":35}},"loc":{"start":{"line":67,"column":64},"end":{"line":108,"column":null}}},"3":{"name":"(anonymous_15)","decl":{"start":{"line":78,"column":19},"end":{"line":78,"column":20}},"loc":{"start":{"line":78,"column":29},"end":{"line":78,"column":null}}},"4":{"name":"(anonymous_16)","decl":{"start":{"line":82,"column":35},"end":{"line":82,"column":40}},"loc":{"start":{"line":82,"column":40},"end":{"line":82,"column":65}}},"5":{"name":"(anonymous_17)","decl":{"start":{"line":85,"column":35},"end":{"line":85,"column":40}},"loc":{"start":{"line":85,"column":40},"end":{"line":85,"column":63}}},"6":{"name":"(anonymous_18)","decl":{"start":{"line":88,"column":35},"end":{"line":88,"column":40}},"loc":{"start":{"line":88,"column":40},"end":{"line":88,"column":71}}},"7":{"name":"(anonymous_19)","decl":{"start":{"line":92,"column":35},"end":{"line":92,"column":40}},"loc":{"start":{"line":92,"column":40},"end":{"line":92,"column":null}}},"8":{"name":"(anonymous_20)","decl":{"start":{"line":96,"column":35},"end":{"line":96,"column":null}},"loc":{"start":{"line":97,"column":8},"end":{"line":99,"column":null}}},"9":{"name":"getMaterialById","decl":{"start":{"line":110,"column":22},"end":{"line":110,"column":38}},"loc":{"start":{"line":110,"column":48},"end":{"line":121,"column":null}}},"10":{"name":"getMeusMateriais","decl":{"start":{"line":125,"column":22},"end":{"line":125,"column":39}},"loc":{"start":{"line":125,"column":53},"end":{"line":138,"column":null}}},"11":{"name":"(anonymous_23)","decl":{"start":{"line":133,"column":26},"end":{"line":133,"column":27}},"loc":{"start":{"line":133,"column":36},"end":{"line":133,"column":null}}},"12":{"name":"addMaterial","decl":{"start":{"line":142,"column":22},"end":{"line":142,"column":null}},"loc":{"start":{"line":144,"column":16},"end":{"line":164,"column":null}}},"13":{"name":"updateMaterial","decl":{"start":{"line":166,"column":22},"end":{"line":166,"column":null}},"loc":{"start":{"line":168,"column":93},"end":{"line":179,"column":null}}},"14":{"name":"deleteMaterial","decl":{"start":{"line":181,"column":22},"end":{"line":181,"column":37}},"loc":{"start":{"line":181,"column":68},"end":{"line":192,"column":null}}},"15":{"name":"incrementDownloads","decl":{"start":{"line":194,"column":22},"end":{"line":194,"column":41}},"loc":{"start":{"line":194,"column":51},"end":{"line":201,"column":null}}},"16":{"name":"incrementViews","decl":{"start":{"line":203,"column":22},"end":{"line":203,"column":37}},"loc":{"start":{"line":203,"column":47},"end":{"line":210,"column":null}}},"17":{"name":"getRelatedMateriais","decl":{"start":{"line":212,"column":22},"end":{"line":212,"column":42}},"loc":{"start":{"line":212,"column":79},"end":{"line":226,"column":null}}},"18":{"name":"(anonymous_30)","decl":{"start":{"line":220,"column":14},"end":{"line":220,"column":19}},"loc":{"start":{"line":220,"column":19},"end":{"line":220,"column":null}}},"19":{"name":"(anonymous_31)","decl":{"start":{"line":221,"column":12},"end":{"line":221,"column":13}},"loc":{"start":{"line":221,"column":22},"end":{"line":221,"column":null}}},"20":{"name":"getDisciplinas","decl":{"start":{"line":228,"column":22},"end":{"line":228,"column":null}},"loc":{"start":{"line":228,"column":22},"end":{"line":238,"column":null}}},"21":{"name":"(anonymous_33)","decl":{"start":{"line":233,"column":45},"end":{"line":233,"column":50}},"loc":{"start":{"line":233,"column":50},"end":{"line":233,"column":69}}},"22":{"name":"(anonymous_34)","decl":{"start":{"line":234,"column":35},"end":{"line":234,"column":36}},"loc":{"start":{"line":234,"column":45},"end":{"line":234,"column":null}}},"23":{"name":"getAllMateriais","decl":{"start":{"line":243,"column":22},"end":{"line":243,"column":null}},"loc":{"start":{"line":243,"column":22},"end":{"line":254,"column":null}}},"24":{"name":"(anonymous_36)","decl":{"start":{"line":249,"column":26},"end":{"line":249,"column":27}},"loc":{"start":{"line":249,"column":36},"end":{"line":249,"column":null}}}},"branchMap":{"0":{"loc":{"start":{"line":44,"column":20},"end":{"line":44,"column":null}},"type":"binary-expr","locations":[{"start":{"line":44,"column":20},"end":{"line":44,"column":39}},{"start":{"line":44,"column":43},"end":{"line":44,"column":null}}]},"1":{"loc":{"start":{"line":45,"column":16},"end":{"line":45,"column":null}},"type":"binary-expr","locations":[{"start":{"line":45,"column":16},"end":{"line":45,"column":31}},{"start":{"line":45,"column":35},"end":{"line":45,"column":null}}]},"2":{"loc":{"start":{"line":46,"column":16},"end":{"line":46,"column":null}},"type":"binary-expr","locations":[{"start":{"line":46,"column":16},"end":{"line":46,"column":31}},{"start":{"line":46,"column":35},"end":{"line":46,"column":null}}]},"3":{"loc":{"start":{"line":47,"column":15},"end":{"line":47,"column":null}},"type":"binary-expr","locations":[{"start":{"line":47,"column":15},"end":{"line":47,"column":45}},{"start":{"line":47,"column":45},"end":{"line":47,"column":null}}]},"4":{"loc":{"start":{"line":48,"column":15},"end":{"line":48,"column":null}},"type":"binary-expr","locations":[{"start":{"line":48,"column":15},"end":{"line":48,"column":45}},{"start":{"line":48,"column":45},"end":{"line":48,"column":null}}]},"5":{"loc":{"start":{"line":67,"column":35},"end":{"line":67,"column":64}},"type":"default-arg","locations":[{"start":{"line":67,"column":62},"end":{"line":67,"column":64}}]},"6":{"loc":{"start":{"line":68,"column":2},"end":{"line":68,"column":null}},"type":"if","locations":[{"start":{"line":68,"column":2},"end":{"line":68,"column":null}}]},"7":{"loc":{"start":{"line":78,"column":30},"end":{"line":78,"column":62}},"type":"binary-expr","locations":[{"start":{"line":78,"column":30},"end":{"line":78,"column":56}},{"start":{"line":78,"column":56},"end":{"line":78,"column":62}}]},"8":{"loc":{"start":{"line":78,"column":62},"end":{"line":78,"column":null}},"type":"binary-expr","locations":[{"start":{"line":78,"column":62},"end":{"line":78,"column":88}},{"start":{"line":78,"column":88},"end":{"line":78,"column":null}}]},"9":{"loc":{"start":{"line":81,"column":4},"end":{"line":83,"column":null}},"type":"if","locations":[{"start":{"line":81,"column":4},"end":{"line":83,"column":null}}]},"10":{"loc":{"start":{"line":84,"column":4},"end":{"line":86,"column":null}},"type":"if","locations":[{"start":{"line":84,"column":4},"end":{"line":86,"column":null}}]},"11":{"loc":{"start":{"line":87,"column":4},"end":{"line":89,"column":null}},"type":"if","locations":[{"start":{"line":87,"column":4},"end":{"line":89,"column":null}}]},"12":{"loc":{"start":{"line":90,"column":4},"end":{"line":93,"column":null}},"type":"if","locations":[{"start":{"line":90,"column":4},"end":{"line":93,"column":null}}]},"13":{"loc":{"start":{"line":94,"column":4},"end":{"line":101,"column":null}},"type":"if","locations":[{"start":{"line":94,"column":4},"end":{"line":101,"column":null}}]},"14":{"loc":{"start":{"line":97,"column":8},"end":{"line":99,"column":null}},"type":"binary-expr","locations":[{"start":{"line":97,"column":8},"end":{"line":97,"column":null}},{"start":{"line":98,"column":8},"end":{"line":98,"column":null}},{"start":{"line":99,"column":8},"end":{"line":99,"column":null}}]},"15":{"loc":{"start":{"line":111,"column":2},"end":{"line":111,"column":null}},"type":"if","locations":[{"start":{"line":111,"column":2},"end":{"line":111,"column":null}}]},"16":{"loc":{"start":{"line":115,"column":4},"end":{"line":115,"column":null}},"type":"if","locations":[{"start":{"line":115,"column":4},"end":{"line":115,"column":null}}]},"17":{"loc":{"start":{"line":126,"column":2},"end":{"line":126,"column":null}},"type":"if","locations":[{"start":{"line":126,"column":2},"end":{"line":126,"column":null}}]},"18":{"loc":{"start":{"line":133,"column":37},"end":{"line":133,"column":69}},"type":"binary-expr","locations":[{"start":{"line":133,"column":37},"end":{"line":133,"column":63}},{"start":{"line":133,"column":63},"end":{"line":133,"column":69}}]},"19":{"loc":{"start":{"line":133,"column":69},"end":{"line":133,"column":null}},"type":"binary-expr","locations":[{"start":{"line":133,"column":69},"end":{"line":133,"column":95}},{"start":{"line":133,"column":95},"end":{"line":133,"column":null}}]},"20":{"loc":{"start":{"line":146,"column":2},"end":{"line":146,"column":null}},"type":"if","locations":[{"start":{"line":146,"column":2},"end":{"line":146,"column":null}}]},"21":{"loc":{"start":{"line":170,"column":2},"end":{"line":170,"column":null}},"type":"if","locations":[{"start":{"line":170,"column":2},"end":{"line":170,"column":null}}]},"22":{"loc":{"start":{"line":182,"column":2},"end":{"line":182,"column":null}},"type":"if","locations":[{"start":{"line":182,"column":2},"end":{"line":182,"column":null}}]},"23":{"loc":{"start":{"line":195,"column":2},"end":{"line":195,"column":null}},"type":"if","locations":[{"start":{"line":195,"column":2},"end":{"line":195,"column":null}}]},"24":{"loc":{"start":{"line":204,"column":2},"end":{"line":204,"column":null}},"type":"if","locations":[{"start":{"line":204,"column":2},"end":{"line":204,"column":null}}]},"25":{"loc":{"start":{"line":213,"column":2},"end":{"line":213,"column":null}},"type":"if","locations":[{"start":{"line":213,"column":2},"end":{"line":213,"column":null}}]},"26":{"loc":{"start":{"line":221,"column":23},"end":{"line":221,"column":49}},"type":"binary-expr","locations":[{"start":{"line":221,"column":23},"end":{"line":221,"column":39}},{"start":{"line":221,"column":43},"end":{"line":221,"column":49}}]},"27":{"loc":{"start":{"line":221,"column":49},"end":{"line":221,"column":null}},"type":"binary-expr","locations":[{"start":{"line":221,"column":49},"end":{"line":221,"column":65}},{"start":{"line":221,"column":69},"end":{"line":221,"column":null}}]},"28":{"loc":{"start":{"line":229,"column":2},"end":{"line":229,"column":null}},"type":"if","locations":[{"start":{"line":229,"column":2},"end":{"line":229,"column":null}}]},"29":{"loc":{"start":{"line":244,"column":2},"end":{"line":244,"column":null}},"type":"if","locations":[{"start":{"line":244,"column":2},"end":{"line":244,"column":null}}]},"30":{"loc":{"start":{"line":249,"column":37},"end":{"line":249,"column":69}},"type":"binary-expr","locations":[{"start":{"line":249,"column":37},"end":{"line":249,"column":63}},{"start":{"line":249,"column":63},"end":{"line":249,"column":69}}]},"31":{"loc":{"start":{"line":249,"column":69},"end":{"line":249,"column":null}},"type":"binary-expr","locations":[{"start":{"line":249,"column":69},"end":{"line":249,"column":95}},{"start":{"line":249,"column":95},"end":{"line":249,"column":null}}]}},"s":{"0":1,"1":1,"2":0,"3":2,"4":7,"5":2,"6":0,"7":4,"8":2,"9":2,"10":1,"11":1,"12":1,"13":1,"14":1,"15":24,"16":24,"17":24,"18":7,"19":0,"20":7,"21":7,"22":7,"23":7,"24":6,"25":6,"26":6,"27":6,"28":1,"29":2,"30":6,"31":1,"32":2,"33":6,"34":0,"35":0,"36":6,"37":0,"38":0,"39":0,"40":6,"41":2,"42":2,"43":4,"44":6,"45":1,"46":1,"47":2,"48":0,"49":2,"50":2,"51":2,"52":1,"53":1,"54":0,"55":0,"56":0,"57":0,"58":0,"59":0,"60":0,"61":0,"62":0,"63":0,"64":0,"65":0,"66":0,"67":1,"68":0,"69":1,"70":1,"71":1,"72":1,"73":1,"74":0,"75":0,"76":1,"77":0,"78":1,"79":1,"80":1,"81":0,"82":0,"83":1,"84":0,"85":1,"86":1,"87":1,"88":1,"89":0,"90":0,"91":2,"92":0,"93":2,"94":2,"95":1,"96":2,"97":0,"98":2,"99":2,"100":4,"101":0,"102":4,"103":4,"104":4,"105":4,"106":3,"107":11,"108":8,"109":1,"110":2,"111":0,"112":2,"113":2,"114":2,"115":1,"116":3,"117":1,"118":1,"119":1,"120":0,"121":0,"122":0,"123":0,"124":0,"125":0,"126":0,"127":0,"128":0},"f":{"0":24,"1":24,"2":7,"3":6,"4":2,"5":2,"6":0,"7":0,"8":4,"9":2,"10":0,"11":0,"12":1,"13":1,"14":1,"15":2,"16":2,"17":4,"18":11,"19":8,"20":2,"21":3,"22":1,"23":0,"24":0},"b":{"0":[24,0],"1":[24,0],"2":[24,0],"3":[24,0],"4":[24,0],"5":[3],"6":[0],"7":[6,0],"8":[6,0],"9":[1],"10":[1],"11":[0],"12":[0],"13":[2],"14":[4,3,2],"15":[0],"16":[1],"17":[0],"18":[0,0],"19":[0,0],"20":[0],"21":[0],"22":[0],"23":[0],"24":[0],"25":[0],"26":[8,0],"27":[8,0],"28":[0],"29":[0],"30":[0,0],"31":[0,0]}}
}
