TN:
SF:lib/materiais-constants.ts
FN:32,getSemestres
FNF:1
FNH:1
FNDA:6,getSemestres
DA:3,124
DA:12,5
DA:18,71
DA:24,16
DA:28,3
DA:29,3
DA:32,6
DA:33,6
DA:34,6
DA:35,6
DA:37,6
DA:38,48
LF:12
LH:12
BRF:0
BRH:0
end_of_record
TN:
SF:services/comments.service.ts
FN:7,commentsRef
FN:11,getComments
FN:16,(anonymous_6)
FN:26,addComment
FN:46,deleteComment
FNF:5
FNH:5
FNDA:7,commentsRef
FNDA:4,getComments
FNDA:3,(anonymous_6)
FNDA:3,addComment
FNDA:1,deleteComment
DA:3,1
DA:4,1
DA:8,7
DA:11,4
DA:12,4
DA:13,4
DA:14,4
DA:15,4
DA:16,3
DA:22,1
DA:26,3
DA:33,3
DA:34,3
DA:42,3
DA:43,2
DA:46,1
DA:47,1
DA:48,1
LF:18
LH:18
BRDA:12,0,0,0
BRDA:19,1,0,3
BRDA:19,1,1,0
BRDA:33,2,0,0
BRDA:47,3,0,0
BRF:5
BRH:1
end_of_record
TN:
SF:services/favorites.service.ts
FN:4,favRef
FN:8,isFavorite
FN:18,addFavorite
FN:23,removeFavorite
FN:28,getFavoriteIds
FN:32,(anonymous_10)
FNF:6
FNH:6
FNDA:5,favRef
FNDA:3,isFavorite
FNDA:1,addFavorite
FNDA:1,removeFavorite
FNDA:3,getFavoriteIds
FNDA:3,(anonymous_10)
DA:1,1
DA:2,1
DA:5,5
DA:8,3
DA:9,3
DA:10,3
DA:11,3
DA:12,2
DA:14,1
DA:18,1
DA:19,1
DA:20,1
DA:23,1
DA:24,1
DA:25,1
DA:28,3
DA:29,3
DA:30,3
DA:31,3
DA:32,3
DA:34,1
LF:21
LH:21
BRDA:9,0,0,0
BRDA:19,1,0,0
BRDA:24,2,0,0
BRDA:29,3,0,0
BRF:4
BRH:0
end_of_record
TN:
SF:services/likes.service.ts
FN:4,likeRef
FN:8,isLiked
FN:18,addLike
FN:24,removeLike
FNF:4
FNH:4
FNDA:5,likeRef
FNDA:3,isLiked
FNDA:1,addLike
FNDA:1,removeLike
DA:1,1
DA:2,1
DA:5,5
DA:8,3
DA:9,3
DA:10,3
DA:11,3
DA:12,2
DA:14,1
DA:18,1
DA:19,1
DA:20,1
DA:21,1
DA:24,1
DA:25,1
DA:26,1
DA:27,1
LF:17
LH:17
BRDA:9,0,0,0
BRDA:19,1,0,0
BRDA:25,2,0,0
BRF:3
BRH:0
end_of_record
TN:
SF:services/materials.service.ts
FN:23,createMaterialId
FN:27,docToMaterial
FN:67,getMateriais
FN:78,(anonymous_15)
FN:82,(anonymous_16)
FN:85,(anonymous_17)
FN:88,(anonymous_18)
FN:92,(anonymous_19)
FN:96,(anonymous_20)
FN:110,getMaterialById
FN:125,getMeusMateriais
FN:133,(anonymous_23)
FN:142,addMaterial
FN:166,updateMaterial
FN:181,deleteMaterial
FN:194,incrementDownloads
FN:203,incrementViews
FN:212,getRelatedMateriais
FN:220,(anonymous_30)
FN:221,(anonymous_31)
FN:228,getDisciplinas
FN:233,(anonymous_33)
FN:234,(anonymous_34)
FN:243,getAllMateriais
FN:249,(anonymous_36)
FNF:25
FNH:19
FNDA:24,createMaterialId
FNDA:24,docToMaterial
FNDA:7,getMateriais
FNDA:6,(anonymous_15)
FNDA:2,(anonymous_16)
FNDA:2,(anonymous_17)
FNDA:0,(anonymous_18)
FNDA:0,(anonymous_19)
FNDA:4,(anonymous_20)
FNDA:2,getMaterialById
FNDA:0,getMeusMateriais
FNDA:0,(anonymous_23)
FNDA:1,addMaterial
FNDA:1,updateMaterial
FNDA:1,deleteMaterial
FNDA:2,incrementDownloads
FNDA:2,incrementViews
FNDA:4,getRelatedMateriais
FNDA:11,(anonymous_30)
FNDA:8,(anonymous_31)
FNDA:2,getDisciplinas
FNDA:3,(anonymous_33)
FNDA:1,(anonymous_34)
FNDA:0,getAllMateriais
FNDA:0,(anonymous_36)
DA:15,1
DA:16,1
DA:17,1
DA:19,1
DA:24,24
DA:28,24
DA:29,24
DA:67,7
DA:68,7
DA:70,7
DA:71,7
DA:72,7
DA:74,7
DA:75,6
DA:78,6
DA:81,6
DA:82,2
DA:84,6
DA:85,2
DA:87,6
DA:88,0
DA:90,6
DA:91,0
DA:92,0
DA:94,6
DA:95,2
DA:96,2
DA:97,4
DA:103,6
DA:105,1
DA:106,1
DA:110,2
DA:111,2
DA:113,2
DA:114,2
DA:115,2
DA:116,1
DA:118,0
DA:119,0
DA:125,0
DA:126,0
DA:128,0
DA:129,0
DA:130,0
DA:131,0
DA:132,0
DA:133,0
DA:135,0
DA:136,0
DA:142,1
DA:146,1
DA:148,1
DA:149,1
DA:157,1
DA:158,1
DA:159,1
DA:161,0
DA:162,0
DA:166,1
DA:170,1
DA:172,1
DA:173,1
DA:174,1
DA:176,0
DA:177,0
DA:181,1
DA:182,1
DA:184,1
DA:185,1
DA:186,1
DA:187,1
DA:189,0
DA:190,0
DA:194,2
DA:195,2
DA:196,2
DA:197,2
DA:199,1
DA:203,2
DA:204,2
DA:205,2
DA:206,2
DA:212,4
DA:213,4
DA:214,4
DA:215,4
DA:216,4
DA:217,4
DA:218,3
DA:220,11
DA:221,8
DA:224,1
DA:228,2
DA:229,2
DA:230,2
DA:231,2
DA:232,2
DA:233,3
DA:234,1
DA:236,1
DA:243,0
DA:244,0
DA:246,0
DA:247,0
DA:248,0
DA:249,0
DA:251,0
DA:252,0
LF:108
LH:79
BRDA:44,0,0,24
BRDA:44,0,1,0
BRDA:45,1,0,24
BRDA:45,1,1,0
BRDA:46,2,0,24
BRDA:46,2,1,0
BRDA:47,3,0,24
BRDA:47,3,1,0
BRDA:48,4,0,24
BRDA:48,4,1,0
BRDA:67,5,0,3
BRDA:68,6,0,0
BRDA:78,7,0,6
BRDA:78,7,1,0
BRDA:78,8,0,6
BRDA:78,8,1,0
BRDA:81,9,0,1
BRDA:84,10,0,1
BRDA:87,11,0,0
BRDA:90,12,0,0
BRDA:94,13,0,2
BRDA:97,14,0,4
BRDA:97,14,1,3
BRDA:97,14,2,2
BRDA:111,15,0,0
BRDA:115,16,0,1
BRDA:126,17,0,0
BRDA:133,18,0,0
BRDA:133,18,1,0
BRDA:133,19,0,0
BRDA:133,19,1,0
BRDA:146,20,0,0
BRDA:170,21,0,0
BRDA:182,22,0,0
BRDA:195,23,0,0
BRDA:204,24,0,0
BRDA:213,25,0,0
BRDA:221,26,0,8
BRDA:221,26,1,0
BRDA:221,27,0,8
BRDA:221,27,1,0
BRDA:229,28,0,0
BRDA:244,29,0,0
BRDA:249,30,0,0
BRDA:249,30,1,0
BRDA:249,31,0,0
BRDA:249,31,1,0
BRF:47
BRH:17
end_of_record
